Crashlog created at 2014-08-23 18:10:30 -0700

===== MESSAGE:

RuntimeError: Attempted to create an object in content with identifier /posts/blogentry.md/ containing a period, but allow_periods_in_identifiers is not enabled in the site configuration. (Enabling allow_periods_in_identifiers may cause the site to break, though.)

===== COMPILATION STACK:

  (empty)

===== STACK TRACE:

  0. /usr/local/lib/ruby/gems/2.1.0/gems/nanoc-3.7.2/lib/nanoc/data_sources/filesystem_unified.rb:80:in `create_object'
  1. /usr/local/lib/ruby/gems/2.1.0/gems/nanoc-3.7.2/lib/nanoc/data_sources/filesystem.rb:55:in `create_item'
  2. /usr/local/lib/ruby/gems/2.1.0/gems/nanoc-3.7.2/lib/nanoc/cli/commands/create-item.rb:46:in `run'
  3. /usr/local/lib/ruby/gems/2.1.0/gems/nanoc-3.7.2/lib/nanoc/cli/command_runner.rb:14:in `block in call'
  4. /usr/local/lib/ruby/gems/2.1.0/gems/nanoc-3.7.2/lib/nanoc/cli/error_handler.rb:74:in `handle_while'
  5. /usr/local/lib/ruby/gems/2.1.0/gems/nanoc-3.7.2/lib/nanoc/cli/error_handler.rb:26:in `handle_while'
  6. /usr/local/lib/ruby/gems/2.1.0/gems/nanoc-3.7.2/lib/nanoc/cli/command_runner.rb:13:in `call'
  7. /usr/local/lib/ruby/gems/2.1.0/gems/cri-2.6.1/lib/cri/command_dsl.rb:223:in `block in runner'
  8. /usr/local/lib/ruby/gems/2.1.0/gems/cri-2.6.1/lib/cri/command.rb:298:in `call'
  9. /usr/local/lib/ruby/gems/2.1.0/gems/cri-2.6.1/lib/cri/command.rb:298:in `run_this'
  10. /usr/local/lib/ruby/gems/2.1.0/gems/cri-2.6.1/lib/cri/command.rb:251:in `run'
  11. /usr/local/lib/ruby/gems/2.1.0/gems/cri-2.6.1/lib/cri/command.rb:264:in `run'
  12. /usr/local/lib/ruby/gems/2.1.0/gems/nanoc-3.7.2/lib/nanoc/cli.rb:59:in `block in run'
  13. /usr/local/lib/ruby/gems/2.1.0/gems/nanoc-3.7.2/lib/nanoc/cli/error_handler.rb:74:in `handle_while'
  14. /usr/local/lib/ruby/gems/2.1.0/gems/nanoc-3.7.2/lib/nanoc/cli/error_handler.rb:26:in `handle_while'
  15. /usr/local/lib/ruby/gems/2.1.0/gems/nanoc-3.7.2/lib/nanoc/cli.rb:57:in `run'
  16. /usr/local/lib/ruby/gems/2.1.0/gems/nanoc-3.7.2/bin/nanoc:25:in `<top (required)>'
  17. /usr/local/bin/nanoc:23:in `load'

===== VERSION INFORMATION:

nanoc 3.7.2 © 2007-2014 Denis Defreyne.
Running ruby 2.1.2 (2014-05-08) on x86_64-darwin14.0 with RubyGems 2.2.2.

===== SYSTEM INFORMATION:

Darwin U.local 14.0.0 Darwin Kernel Version 14.0.0: Sat Aug  9 00:14:02 PDT 2014; root:xnu-2782.1.80~2/RELEASE_X86_64 x86_64

===== INSTALLED GEMS:

  adsf 1.2.0
  bigdecimal 1.2.4
  blankslate 2.1.2.4
  celluloid 0.16.0.pre3
  classifier-reborn 2.0.1
  cmdparse 2.0.6
  coffee-script 2.3.0
  coffee-script-source 1.7.1
  colorator 0.1
  colored 1.2
  cri 2.6.1
  execjs 2.2.1
  fast-stemmer 1.0.2
  ffi 1.9.3
  hitimes 1.2.2
  hpricot 0.8.6
  html2slim 0.1.0
  io-console 0.4.2
  jekyll 2.3.0
  jekyll-coffeescript 1.0.0
  jekyll-gist 1.1.0
  jekyll-paginate 1.0.0
  jekyll-sass-converter 1.2.0
  jekyll-watch 1.1.0
  json 1.8.1
  kramdown 1.4.1
  liquid 2.6.1
  listen 2.7.9
  mercenary 0.3.4
  mini_portile 0.6.0
  minitest 4.7.5
  nanoc 3.7.2
  parslet 1.5.0
  posix-spawn 0.3.9
  psych 2.0.5
  pygments.rb 0.6.0
  rack 1.6.0.beta
  rake 10.1.0
  rb-fsevent 0.9.4
  rb-inotify 0.9.5
  rdoc 4.1.0
  redcarpet 3.1.2
  safe_yaml 1.0.3
  sass 3.4.0
  slim 2.0.3
  systemu 2.6.4
  temple 0.6.8
  test-unit 2.1.2.0
  tilt 2.0.1
  timers 4.0.0
  toml 0.1.1
  yajl-ruby 1.1.0

===== ENVIRONMENT:

Apple_PubSub_Socket_Render => "/private/tmp/com.apple.launchd.zXYwO7XwBz/Render"
HOME => "/Users/danrk"
LANG => "en_US.UTF-8"
LOGNAME => "danrk"
OLDPWD => "/Users/danrk/Documents/Blog/nano-blog/layouts"
PATH => "/usr/local/bin:/usr/bin:/bin:/usr/sbin:/sbin:/usr/local/git/bin:/Applications/sage"
PWD => "/Users/danrk/Documents/Blog/nano-blog"
SHELL => "/bin/bash"
SHLVL => "2"
SSH_AUTH_SOCK => "/private/tmp/com.apple.launchd.Lb47PbvPkJ/Listeners"
STY => "542.ttys000.U"
TERM => "screen"
TERMCAP => "SC|screen|VT 100/ANSI X3.64 virtual terminal:\\\n\t:DO=\\E[%dB:LE=\\E[%dD:RI=\\E[%dC:UP=\\E[%dA:bs:bt=\\E[Z:\\\n\t:cd=\\E[J:ce=\\E[K:cl=\\E[H\\E[J:cm=\\E[%i%d;%dH:ct=\\E[3g:\\\n\t:do=^J:nd=\\E[C:pt:rc=\\E8:rs=\\Ec:sc=\\E7:st=\\EH:up=\\EM:\\\n\t:le=^H:bl=^G:cr=^M:it#8:ho=\\E[H:nw=\\EE:ta=^I:is=\\E)0:\\\n\t:li#31:co#71:am:xn:xv:LP:sr=\\EM:al=\\E[L:AL=\\E[%dL:\\\n\t:cs=\\E[%i%d;%dr:dl=\\E[M:DL=\\E[%dM:dc=\\E[P:DC=\\E[%dP:\\\n\t:im=\\E[4h:ei=\\E[4l:mi:IC=\\E[%d@:ks=\\E[?1h\\E=:\\\n\t:ke=\\E[?1l\\E>:vi=\\E[?25l:ve=\\E[34h\\E[?25h:vs=\\E[34l:\\\n\t:ti=\\E[?1049h:te=\\E[?1049l:us=\\E[4m:ue=\\E[24m:so=\\E[3m:\\\n\t:se=\\E[23m:mb=\\E[5m:md=\\E[1m:mr=\\E[7m:me=\\E[m:ms:\\\n\t:Co#8:pa#64:AF=\\E[3%dm:AB=\\E[4%dm:op=\\E[39;49m:AX:\\\n\t:vb=\\Eg:G0:as=\\E(0:ae=\\E(B:\\\n\t:ac=\\140\\140aaffggjjkkllmmnnooppqqrrssttuuvvwwxxyyzz{{||}}~~..--++,,hhII00:\\\n\t:po=\\E[5i:pf=\\E[4i:k0=\\E[10~:k1=\\EOP:k2=\\EOQ:k3=\\EOR:\\\n\t:k4=\\EOS:k5=\\E[15~:k6=\\E[17~:k7=\\E[18~:k8=\\E[19~:\\\n\t:k9=\\E[20~:k;=\\E[21~:F1=\\E[23~:F2=\\E[24~:F3=\\E[1;2P:\\\n\t:F4=\\E[1;2Q:F5=\\E[1;2R:F6=\\E[1;2S:F7=\\E[15;2~:\\\n\t:F8=\\E[17;2~:F9=\\E[18;2~:FA=\\E[19;2~:kb=^H:K2=\\EOE:\\\n\t:kB=\\E[Z:kF=\\E[1;2B:kR=\\E[1;2A:*4=\\E[3;2~:*7=\\E[1;2F:\\\n\t:#2=\\E[1;2H:#3=\\E[2;2~:#4=\\E[1;2D:%c=\\E[6;2~:%e=\\E[5;2~:\\\n\t:%i=\\E[1;2C:kh=\\E[1~:@1=\\E[1~:kH=\\E[4~:@7=\\E[4~:\\\n\t:kN=\\E[6~:kP=\\E[5~:kI=\\E[2~:kD=\\E[3~:ku=\\EOA:kd=\\EOB:\\\n\t:kr=\\EOC:kl=\\EOD:km:"
TERM_PROGRAM => "Apple_Terminal"
TERM_PROGRAM_VERSION => "340"
TERM_SESSION_ID => "51CC3F2C-5E07-4D46-B5B0-D698CECF96ED"
TMPDIR => "/var/folders/jl/z2hf8hf52xl665hj76fblnx80000gp/T/"
USER => "danrk"
WINDOW => "3"
XPC_FLAGS => "0x0"
XPC_SERVICE_NAME => "0"
_ => "/usr/local/bin/nanoc"
__CF_USER_TEXT_ENCODING => "0x1F6:0x0:0x0"

===== LOAD PATHS:

  0. /usr/local/lib/ruby/gems/2.1.0/gems/nanoc-3.7.2/lib
  1. /usr/local/lib/ruby/gems/2.1.0/gems/colored-1.2/lib
  2. /usr/local/lib/ruby/gems/2.1.0/gems/cri-2.6.1/lib
  3. /usr/local/lib/ruby/gems/2.1.0/gems/nanoc-3.7.2/lib
  4. /usr/local/lib/ruby/site_ruby/2.1.0
  5. /usr/local/lib/ruby/site_ruby/2.1.0/x86_64-darwin14.0
  6. /usr/local/lib/ruby/site_ruby
  7. /usr/local/lib/ruby/vendor_ruby/2.1.0
  8. /usr/local/lib/ruby/vendor_ruby/2.1.0/x86_64-darwin14.0
  9. /usr/local/lib/ruby/vendor_ruby
  10. /usr/local/Cellar/ruby/2.1.2_2/lib/ruby/2.1.0
  11. /usr/local/Cellar/ruby/2.1.2_2/lib/ruby/2.1.0/x86_64-darwin14.0
